00000000(Core 1): 3401BA5C ORI R1, R0, 47708
    PC <-- 00000004
    R1 <-- 0000BA5C

00000004(Core 1): 34020080 ORI R2, R0, 128
    PC <-- 00000008
    R2 <-- 00000080

00000008(Core 1): 340F0034 ORI R15, R0, 52
    PC <-- 0000000C
    R15 <-- 00000034

0000000C(Core 1): 10000001 BEQ R0, R0, 20
    PC <-- 00000014

00000014(Core 1): 0C000009 JAL 00000024
    PC <-- 00000024
    R31 <-- 00000018

00000024(Core 1): 001F1825 OR R3, R0, R31
    PC <-- 00000028
    R3 <-- 00000018

00000028(Core 1): AC5F0008 SW R31, 8(R2)
    PC <-- 0000002C
    [00000088] <-- 00000018

0000002C(Core 1): 0C00000D JAL 00000034
    PC <-- 00000034
    R31 <-- 00000030

00000034(Core 1): 17E3FFF9 BNE R31, R3, 28
    PC <-- 0000001C

0000001C(Core 1): AC5F0010 SW R31, 16(R2)
    PC <-- 00000020
    [00000090] <-- 00000030

00000020(Core 1): FFFFFFFF HALT
    PC <-- 00000024
