	[00000000] <-- 201FFFFC
	[00000004] <-- 20040001
	[00000008] <-- 0C00001E
	[0000000C] <-- 20040005
	[00000010] <-- 0C00001E
	[00000014] <-- 0C00000B
	[00000018] <-- 20040005
	[0000001C] <-- 0C00001E
	[00000020] <-- 0C00000B
	[00000024] <-- 0C000021
	[00000028] <-- FFFFFFFF
	[0000002C] <-- 001F8825
	[00000030] <-- 0C000011
	[00000034] <-- 00022025
	[00000038] <-- 0C00001E
	[0000003C] <-- 0011F825
	[00000040] <-- 03E00008
	[00000044] <-- 001F8020
	[00000048] <-- 0C000021
	[0000004C] <-- 00024020
	[00000050] <-- 0C000021
	[00000054] <-- 00024820
	[00000058] <-- 0010F820
	[0000005C] <-- 00001020
	[00000060] <-- 11200004
	[00000064] <-- 11000003
	[00000068] <-- 00481020
	[0000006C] <-- 2129FFFF
	[00000070] <-- 1520FFFD
	[00000074] <-- 03E00008
	[00000078] <-- 23BDFFFC
	[0000007C] <-- AFA40000
	[00000080] <-- 03E00008
	[00000084] <-- 8FA20000
	[00000088] <-- 23BD0004
	[0000008C] <-- 03E00008
36 words loaded from meminit.hex
Starting simulation...

	Core 1
	PC <-- 00000000

00000000(Core 1): 201FFFFC ADDI R31, R0, -4
	PC <-- 00000004
	R31 <-- FFFFFFFC

00000004(Core 1): 20040001 ADDI R4, R0, 1
	PC <-- 00000008
	R4 <-- 00000001

00000008(Core 1): 0C00001E JAL 00000078
	PC <-- 00000078
	R31 <-- 0000000C

00000078(Core 1): 23BDFFFC ADDI R29, R29, -4
	PC <-- 0000007C
	R29 <-- FFFFFFFC

0000007C(Core 1): AFA40000 SW R4, 0(R29)
	PC <-- 00000080
	[0000FFFC] <-- 00000001

00000080(Core 1): 03E00008 JR R31
	PC <-- 0000000C

0000000C(Core 1): 20040005 ADDI R4, R0, 5
	PC <-- 00000010
	R4 <-- 00000005

00000010(Core 1): 0C00001E JAL 00000078
	PC <-- 00000078
	R31 <-- 00000014

00000078(Core 1): 23BDFFFC ADDI R29, R29, -4
	PC <-- 0000007C
	R29 <-- FFFFFFF8

0000007C(Core 1): AFA40000 SW R4, 0(R29)
	PC <-- 00000080
	[0000FFF8] <-- 00000005

00000080(Core 1): 03E00008 JR R31
	PC <-- 00000014

00000014(Core 1): 0C00000B JAL 0000002C
	PC <-- 0000002C
	R31 <-- 00000018

0000002C(Core 1): 001F8825 OR R17, R0, R31
	PC <-- 00000030
	R17 <-- 00000018

00000030(Core 1): 0C000011 JAL 00000044
	PC <-- 00000044
	R31 <-- 00000034

00000044(Core 1): 001F8020 ADD R16, R0, R31
	PC <-- 00000048
	R16 <-- 00000034

00000048(Core 1): 0C000021 JAL 00000084
	PC <-- 00000084
	R31 <-- 0000004C

00000084(Core 1): 8FA20000 LW R2, 0(R29)
	PC <-- 00000088
	[word read from 0000FFF8]
	R2 <-- 00000005

00000088(Core 1): 23BD0004 ADDI R29, R29, 4
	PC <-- 0000008C
	R29 <-- FFFFFFFC

0000008C(Core 1): 03E00008 JR R31
	PC <-- 0000004C

0000004C(Core 1): 00024020 ADD R8, R0, R2
	PC <-- 00000050
	R8 <-- 00000005

00000050(Core 1): 0C000021 JAL 00000084
	PC <-- 00000084
	R31 <-- 00000054

00000084(Core 1): 8FA20000 LW R2, 0(R29)
	PC <-- 00000088
	[word read from 0000FFFC]
	R2 <-- 00000001

00000088(Core 1): 23BD0004 ADDI R29, R29, 4
	PC <-- 0000008C
	R29 <-- 00000000

0000008C(Core 1): 03E00008 JR R31
	PC <-- 00000054

00000054(Core 1): 00024820 ADD R9, R0, R2
	PC <-- 00000058
	R9 <-- 00000001

00000058(Core 1): 0010F820 ADD R31, R0, R16
	PC <-- 0000005C
	R31 <-- 00000034

0000005C(Core 1): 00001020 ADD R2, R0, R0
	PC <-- 00000060
	R2 <-- 00000000

00000060(Core 1): 11200004 BEQ R9, R0, 116
	PC <-- 00000064

00000064(Core 1): 11000003 BEQ R8, R0, 116
	PC <-- 00000068

00000068(Core 1): 00481020 ADD R2, R2, R8
	PC <-- 0000006C
	R2 <-- 00000005

0000006C(Core 1): 2129FFFF ADDI R9, R9, -1
	PC <-- 00000070
	R9 <-- 00000000

00000070(Core 1): 1520FFFD BNE R9, R0, 104
	PC <-- 00000074

00000074(Core 1): 03E00008 JR R31
	PC <-- 00000034

00000034(Core 1): 00022025 OR R4, R0, R2
	PC <-- 00000038
	R4 <-- 00000005

00000038(Core 1): 0C00001E JAL 00000078
	PC <-- 00000078
	R31 <-- 0000003C

00000078(Core 1): 23BDFFFC ADDI R29, R29, -4
	PC <-- 0000007C
	R29 <-- FFFFFFFC

0000007C(Core 1): AFA40000 SW R4, 0(R29)
	PC <-- 00000080
	[0000FFFC] <-- 00000005

00000080(Core 1): 03E00008 JR R31
	PC <-- 0000003C

0000003C(Core 1): 0011F825 OR R31, R0, R17
	PC <-- 00000040
	R31 <-- 00000018

00000040(Core 1): 03E00008 JR R31
	PC <-- 00000018

00000018(Core 1): 20040005 ADDI R4, R0, 5
	PC <-- 0000001C
	R4 <-- 00000005

0000001C(Core 1): 0C00001E JAL 00000078
	PC <-- 00000078
	R31 <-- 00000020

00000078(Core 1): 23BDFFFC ADDI R29, R29, -4
	PC <-- 0000007C
	R29 <-- FFFFFFF8

0000007C(Core 1): AFA40000 SW R4, 0(R29)
	PC <-- 00000080
	[0000FFF8] <-- 00000005

00000080(Core 1): 03E00008 JR R31
	PC <-- 00000020

00000020(Core 1): 0C00000B JAL 0000002C
	PC <-- 0000002C
	R31 <-- 00000024

0000002C(Core 1): 001F8825 OR R17, R0, R31
	PC <-- 00000030
	R17 <-- 00000024

00000030(Core 1): 0C000011 JAL 00000044
	PC <-- 00000044
	R31 <-- 00000034

00000044(Core 1): 001F8020 ADD R16, R0, R31
	PC <-- 00000048
	R16 <-- 00000034

00000048(Core 1): 0C000021 JAL 00000084
	PC <-- 00000084
	R31 <-- 0000004C

00000084(Core 1): 8FA20000 LW R2, 0(R29)
	PC <-- 00000088
	[word read from 0000FFF8]
	R2 <-- 00000005

00000088(Core 1): 23BD0004 ADDI R29, R29, 4
	PC <-- 0000008C
	R29 <-- FFFFFFFC

0000008C(Core 1): 03E00008 JR R31
	PC <-- 0000004C

0000004C(Core 1): 00024020 ADD R8, R0, R2
	PC <-- 00000050
	R8 <-- 00000005

00000050(Core 1): 0C000021 JAL 00000084
	PC <-- 00000084
	R31 <-- 00000054

00000084(Core 1): 8FA20000 LW R2, 0(R29)
	PC <-- 00000088
	[word read from 0000FFFC]
	R2 <-- 00000005

00000088(Core 1): 23BD0004 ADDI R29, R29, 4
	PC <-- 0000008C
	R29 <-- 00000000

0000008C(Core 1): 03E00008 JR R31
	PC <-- 00000054

00000054(Core 1): 00024820 ADD R9, R0, R2
	PC <-- 00000058
	R9 <-- 00000005

00000058(Core 1): 0010F820 ADD R31, R0, R16
	PC <-- 0000005C
	R31 <-- 00000034

0000005C(Core 1): 00001020 ADD R2, R0, R0
	PC <-- 00000060
	R2 <-- 00000000

00000060(Core 1): 11200004 BEQ R9, R0, 116
	PC <-- 00000064

00000064(Core 1): 11000003 BEQ R8, R0, 116
	PC <-- 00000068

00000068(Core 1): 00481020 ADD R2, R2, R8
	PC <-- 0000006C
	R2 <-- 00000005

0000006C(Core 1): 2129FFFF ADDI R9, R9, -1
	PC <-- 00000070
	R9 <-- 00000004

00000070(Core 1): 1520FFFD BNE R9, R0, 104
	PC <-- 00000068

00000068(Core 1): 00481020 ADD R2, R2, R8
	PC <-- 0000006C
	R2 <-- 0000000A

0000006C(Core 1): 2129FFFF ADDI R9, R9, -1
	PC <-- 00000070
	R9 <-- 00000003

00000070(Core 1): 1520FFFD BNE R9, R0, 104
	PC <-- 00000068

00000068(Core 1): 00481020 ADD R2, R2, R8
	PC <-- 0000006C
	R2 <-- 0000000F

0000006C(Core 1): 2129FFFF ADDI R9, R9, -1
	PC <-- 00000070
	R9 <-- 00000002

00000070(Core 1): 1520FFFD BNE R9, R0, 104
	PC <-- 00000068

00000068(Core 1): 00481020 ADD R2, R2, R8
	PC <-- 0000006C
	R2 <-- 00000014

0000006C(Core 1): 2129FFFF ADDI R9, R9, -1
	PC <-- 00000070
	R9 <-- 00000001

00000070(Core 1): 1520FFFD BNE R9, R0, 104
	PC <-- 00000068

00000068(Core 1): 00481020 ADD R2, R2, R8
	PC <-- 0000006C
	R2 <-- 00000019

0000006C(Core 1): 2129FFFF ADDI R9, R9, -1
	PC <-- 00000070
	R9 <-- 00000000

00000070(Core 1): 1520FFFD BNE R9, R0, 104
	PC <-- 00000074

00000074(Core 1): 03E00008 JR R31
	PC <-- 00000034

00000034(Core 1): 00022025 OR R4, R0, R2
	PC <-- 00000038
	R4 <-- 00000019

00000038(Core 1): 0C00001E JAL 00000078
	PC <-- 00000078
	R31 <-- 0000003C

00000078(Core 1): 23BDFFFC ADDI R29, R29, -4
	PC <-- 0000007C
	R29 <-- FFFFFFFC

0000007C(Core 1): AFA40000 SW R4, 0(R29)
	PC <-- 00000080
	[0000FFFC] <-- 00000019

00000080(Core 1): 03E00008 JR R31
	PC <-- 0000003C

0000003C(Core 1): 0011F825 OR R31, R0, R17
	PC <-- 00000040
	R31 <-- 00000024

00000040(Core 1): 03E00008 JR R31
	PC <-- 00000024

00000024(Core 1): 0C000021 JAL 00000084
	PC <-- 00000084
	R31 <-- 00000028

00000084(Core 1): 8FA20000 LW R2, 0(R29)
	PC <-- 00000088
	[word read from 0000FFFC]
	R2 <-- 00000019

00000088(Core 1): 23BD0004 ADDI R29, R29, 4
	PC <-- 0000008C
	R29 <-- 00000000

0000008C(Core 1): 03E00008 JR R31
	PC <-- 00000028

00000028(Core 1): FFFFFFFF HALT
	PC <-- 0000002C
HALT executed(Core 1).
Done simulating...

Instruction Breakdown:

	  JAL:   14 (15.38%)
	  BEQ:    4 (4.40%)
	  BNE:    6 (6.59%)
	 ADDI:   20 (21.98%)
	   LW:    5 (5.49%)
	   SW:    5 (5.49%)
	 HALT:    1 (1.10%)
	   JR:   14 (15.38%)
	  ADD:   16 (17.58%)
	   OR:    6 (6.59%)
	 TOTAL:   91

	PC: 0000002C

General Purpose Registers:
	R 0: 00000000	R 1: 00000000	R 2: 00000019	R 3: 00000000
	R 4: 00000019	R 5: 00000000	R 6: 00000000	R 7: 00000000
	R 8: 00000005	R 9: 00000000	R10: 00000000	R11: 00000000
	R12: 00000000	R13: 00000000	R14: 00000000	R15: 00000000
	R16: 00000034	R17: 00000024	R18: 00000000	R19: 00000000
	R20: 00000000	R21: 00000000	R22: 00000000	R23: 00000000
	R24: 00000000	R25: 00000000	R26: 00000000	R27: 00000000
	R28: 00000000	R29: 00000000	R30: 00000000	R31: 00000028
